<?xml version="1.0" encoding="UTF-8"?>
<robot generator="Robot 5.0.1 (Python 3.7.4 on win32)" generated="20230606 13:55:33.552" rpa="false" schemaversion="3">
<suite id="s1" name="Test" source="F:\Invoice\Project\test.robot">
<test id="s1-t1" name="Check Condition" line="6">
<kw name="Run Process" library="Process">
<var>${output}</var>
<arg>python</arg>
<arg>F:\\Invoice\\final\\condition.py</arg>
<doc>Runs a process and waits for it to complete.</doc>
<msg timestamp="20230606 13:55:33.666" level="INFO">Starting process:
python F:\Invoice\final\condition.py</msg>
<msg timestamp="20230606 13:55:33.682" level="INFO">Waiting for process to complete.</msg>
<msg timestamp="20230606 13:55:33.937" level="INFO">Process completed.</msg>
<msg timestamp="20230606 13:55:33.937" level="INFO">${output} = &lt;result object with rc 0&gt;</msg>
<status status="PASS" starttime="20230606 13:55:33.666" endtime="20230606 13:55:33.937"/>
</kw>
<kw name="Convert To Lower Case" library="String">
<var>${lowercase_output}</var>
<arg>${output.stdout}</arg>
<doc>Converts string to lower case.</doc>
<msg timestamp="20230606 13:55:33.940" level="INFO">${lowercase_output} = false</msg>
<status status="PASS" starttime="20230606 13:55:33.938" endtime="20230606 13:55:33.940"/>
</kw>
<kw name="Evaluate" library="BuiltIn">
<var>${boolean_result}</var>
<arg>'${lowercase_output}' == 'true'</arg>
<doc>Evaluates the given expression in Python and returns the result.</doc>
<msg timestamp="20230606 13:55:33.942" level="INFO">${boolean_result} = False</msg>
<status status="PASS" starttime="20230606 13:55:33.941" endtime="20230606 13:55:33.942"/>
</kw>
<kw name="Log To Console" library="BuiltIn">
<arg>${boolean_result}</arg>
<doc>Logs the given message to the console.</doc>
<status status="PASS" starttime="20230606 13:55:33.943" endtime="20230606 13:55:33.945"/>
</kw>
<while condition="${boolean_result} == True">
<iter>
<kw name="Log To Console" library="BuiltIn">
<arg>${boolean_result} YEAH!</arg>
<doc>Logs the given message to the console.</doc>
<status status="NOT RUN" starttime="20230606 13:55:33.946" endtime="20230606 13:55:33.946"/>
</kw>
<break>
<status status="NOT RUN" starttime="20230606 13:55:33.946" endtime="20230606 13:55:33.946"/>
</break>
<status status="NOT RUN" starttime="20230606 13:55:33.946" endtime="20230606 13:55:33.946"/>
</iter>
<status status="NOT RUN" starttime="20230606 13:55:33.945" endtime="20230606 13:55:33.946"/>
</while>
<status status="PASS" starttime="20230606 13:55:33.664" endtime="20230606 13:55:33.947"/>
</test>
<status status="PASS" starttime="20230606 13:55:33.557" endtime="20230606 13:55:33.950"/>
</suite>
<statistics>
<total>
<stat pass="1" fail="0" skip="0">All Tests</stat>
</total>
<tag>
</tag>
<suite>
<stat pass="1" fail="0" skip="0" id="s1" name="Test">Test</stat>
</suite>
</statistics>
<errors>
</errors>
</robot>
